  StringQueue.cpp
d:\documents\github\spambot-cpp\spambot-cpp\src\stringqueue.cpp(49): fatal error C1010: unexpected end of file while looking for precompiled header. Did you forget to add '#include "stdafx.h"' to your source?
  spambot.cpp
d:\documents\github\spambot-cpp\spambot-cpp\src\spambot.cpp(10): error C2143: syntax error: missing ';' before '*'
d:\documents\github\spambot-cpp\spambot-cpp\src\spambot.cpp(10): error C4430: missing type specifier - int assumed. Note: C++ does not support default-int
d:\documents\github\spambot-cpp\spambot-cpp\src\spambot.cpp(10): error C2238: unexpected token(s) preceding ';'
d:\documents\github\spambot-cpp\spambot-cpp\src\spambot.cpp(41): error C2039: 'queue': is not a member of 'ThreadQueue'
  d:\documents\github\spambot-cpp\spambot-cpp\src\spambot.cpp(9): note: see declaration of 'ThreadQueue'
d:\documents\github\spambot-cpp\spambot-cpp\src\spambot.cpp(41): error C2061: syntax error: identifier 'StringQueue'
d:\documents\github\spambot-cpp\spambot-cpp\src\spambot.cpp(42): error C2039: 'queue': is not a member of 'ThreadQueue'
  d:\documents\github\spambot-cpp\spambot-cpp\src\spambot.cpp(9): note: see declaration of 'ThreadQueue'
d:\documents\github\spambot-cpp\spambot-cpp\src\spambot.cpp(42): error C2061: syntax error: identifier 'StringQueue'
d:\documents\github\spambot-cpp\spambot-cpp\src\spambot.cpp(73): error C2039: 'queue': is not a member of 'ThreadQueue'
  d:\documents\github\spambot-cpp\spambot-cpp\src\spambot.cpp(9): note: see declaration of 'ThreadQueue'
d:\documents\github\spambot-cpp\spambot-cpp\src\spambot.cpp(73): error C2227: left of '->enqueue' must point to class/struct/union/generic type
d:\documents\github\spambot-cpp\spambot-cpp\src\spambot.cpp(77): error C2059: syntax error: ')'
d:\documents\github\spambot-cpp\spambot-cpp\src\spambot.cpp(78): error C2143: syntax error: missing ';' before '{'
d:\documents\github\spambot-cpp\spambot-cpp\src\spambot.cpp(80): error C2039: 'queue': is not a member of 'ThreadQueue'
  d:\documents\github\spambot-cpp\spambot-cpp\src\spambot.cpp(9): note: see declaration of 'ThreadQueue'
d:\documents\github\spambot-cpp\spambot-cpp\src\spambot.cpp(80): error C2227: left of '->dequeue' must point to class/struct/union/generic type
d:\documents\github\spambot-cpp\spambot-cpp\src\spambot.cpp(89): error C2065: 'StringQueue': undeclared identifier
d:\documents\github\spambot-cpp\spambot-cpp\src\spambot.cpp(89): error C2065: 'MessageQueue': undeclared identifier
d:\documents\github\spambot-cpp\spambot-cpp\src\spambot.cpp(89): error C2039: 'queue': is not a member of 'ThreadQueue'
  d:\documents\github\spambot-cpp\spambot-cpp\src\spambot.cpp(9): note: see declaration of 'ThreadQueue'
d:\documents\github\spambot-cpp\spambot-cpp\src\spambot.cpp(91): error C2065: 'StringQueue': undeclared identifier
d:\documents\github\spambot-cpp\spambot-cpp\src\spambot.cpp(91): error C2065: 'ResponseQueue': undeclared identifier
d:\documents\github\spambot-cpp\spambot-cpp\src\spambot.cpp(91): error C2039: 'queue': is not a member of 'ThreadQueue'
  d:\documents\github\spambot-cpp\spambot-cpp\src\spambot.cpp(9): note: see declaration of 'ThreadQueue'
d:\documents\github\spambot-cpp\spambot-cpp\src\spambot.cpp(96): error C2065: 'MessageQueue': undeclared identifier
d:\documents\github\spambot-cpp\spambot-cpp\src\spambot.cpp(96): error C2227: left of '->size' must point to class/struct/union/generic type
  d:\documents\github\spambot-cpp\spambot-cpp\src\spambot.cpp(96): note: type is 'unknown-type'
d:\documents\github\spambot-cpp\spambot-cpp\src\spambot.cpp(99): error C2065: 'MessageQueue': undeclared identifier
d:\documents\github\spambot-cpp\spambot-cpp\src\spambot.cpp(99): error C2227: left of '->dequeue' must point to class/struct/union/generic type
  d:\documents\github\spambot-cpp\spambot-cpp\src\spambot.cpp(99): note: type is 'unknown-type'
d:\documents\github\spambot-cpp\spambot-cpp\src\spambot.cpp(105): error C2065: 'ResponseQueue': undeclared identifier
d:\documents\github\spambot-cpp\spambot-cpp\src\spambot.cpp(105): error C2227: left of '->enqueue' must point to class/struct/union/generic type
  d:\documents\github\spambot-cpp\spambot-cpp\src\spambot.cpp(105): note: type is 'unknown-type'
d:\documents\github\spambot-cpp\spambot-cpp\src\spambot.cpp(115): error C3861: 'GetMostRecentFollowTime': identifier not found
d:\documents\github\spambot-cpp\spambot-cpp\src\spambot.cpp(121): error C3861: 'GetNewFollowers': identifier not found
d:\documents\github\spambot-cpp\spambot-cpp\src\spambot.cpp(122): error C2228: left of '.GetField' must have class/struct/union
d:\documents\github\spambot-cpp\spambot-cpp\src\spambot.cpp(124): error C3312: no callable 'begin' function found for type 'unknown-type'
d:\documents\github\spambot-cpp\spambot-cpp\src\spambot.cpp(124): error C3312: no callable 'end' function found for type 'unknown-type'
d:\documents\github\spambot-cpp\spambot-cpp\src\spambot.cpp(126): error C2039: 'queue': is not a member of 'ThreadQueue'
  d:\documents\github\spambot-cpp\spambot-cpp\src\spambot.cpp(9): note: see declaration of 'ThreadQueue'
d:\documents\github\spambot-cpp\spambot-cpp\src\spambot.cpp(126): error C2227: left of '->enqueue' must point to class/struct/union/generic type
d:\documents\github\spambot-cpp\spambot-cpp\src\spambot.cpp(139): error C3861: 'GetUserInput': identifier not found
d:\documents\github\spambot-cpp\spambot-cpp\src\spambot.cpp(142): error C2039: 'queue': is not a member of 'ThreadQueue'
  d:\documents\github\spambot-cpp\spambot-cpp\src\spambot.cpp(9): note: see declaration of 'ThreadQueue'
d:\documents\github\spambot-cpp\spambot-cpp\src\spambot.cpp(142): error C2227: left of '->enqueue' must point to class/struct/union/generic type
d:\documents\github\spambot-cpp\spambot-cpp\src\spambot.cpp(150): error C3861: 'WriteToGUIOut': identifier not found
d:\documents\github\spambot-cpp\spambot-cpp\src\spambot.cpp(197): error C3861: 'WriteToGUIOut': identifier not found
d:\documents\github\spambot-cpp\spambot-cpp\src\spambot.cpp(202): error C3861: 'GetStringInput': identifier not found
d:\documents\github\spambot-cpp\spambot-cpp\src\spambot.cpp(202): error C2228: left of '.length' must have class/struct/union
d:\documents\github\spambot-cpp\spambot-cpp\src\spambot.cpp(207): error C3861: 'WriteToGUIOut': identifier not found
d:\documents\github\spambot-cpp\spambot-cpp\src\spambot.cpp(208): error C3861: 'WriteToGUIOut': identifier not found
d:\documents\github\spambot-cpp\spambot-cpp\src\spambot.cpp(230): error C3861: 'WriteToGUIOut': identifier not found
d:\documents\github\spambot-cpp\spambot-cpp\src\spambot.cpp(233): error C3861: 'GetStringInput': identifier not found
d:\documents\github\spambot-cpp\spambot-cpp\src\spambot.cpp(233): error C2228: left of '.length' must have class/struct/union
d:\documents\github\spambot-cpp\spambot-cpp\src\spambot.cpp(237): error C3861: 'WriteToGUIOut': identifier not found
d:\documents\github\spambot-cpp\spambot-cpp\src\spambot.cpp(247): error C3861: 'WriteToGUIOut': identifier not found
d:\documents\github\spambot-cpp\spambot-cpp\src\spambot.cpp(249): error C3861: 'GetStringInput': identifier not found
d:\documents\github\spambot-cpp\spambot-cpp\src\spambot.cpp(250): error C3861: 'WriteToGUIOut': identifier not found
d:\documents\github\spambot-cpp\spambot-cpp\src\spambot.cpp(256): error C3861: 'WriteToGUIOut': identifier not found
d:\documents\github\spambot-cpp\spambot-cpp\src\spambot.cpp(258): error C3861: 'GetStringInput': identifier not found
d:\documents\github\spambot-cpp\spambot-cpp\src\spambot.cpp(260): error C3861: 'WriteToGUIOut': identifier not found
d:\documents\github\spambot-cpp\spambot-cpp\src\spambot.cpp(262): error C3861: 'WriteToGUIIn': identifier not found
d:\documents\github\spambot-cpp\spambot-cpp\src\spambot.cpp(264): error C3861: 'GetStringInput': identifier not found
d:\documents\github\spambot-cpp\spambot-cpp\src\spambot.cpp(266): error C3861: 'WriteToGUIOut': identifier not found
d:\documents\github\spambot-cpp\spambot-cpp\src\spambot.cpp(272): error C3861: 'WriteToGUIOut': identifier not found
d:\documents\github\spambot-cpp\spambot-cpp\src\spambot.cpp(273): error C3861: 'GetStringInput': identifier not found
d:\documents\github\spambot-cpp\spambot-cpp\src\spambot.cpp(274): error C3861: 'WriteToGUIOut': identifier not found
d:\documents\github\spambot-cpp\spambot-cpp\src\spambot.cpp(280): error C3861: 'WriteToGUIOut': identifier not found
d:\documents\github\spambot-cpp\spambot-cpp\src\spambot.cpp(315): error C3861: 'WriteToGUIOut': identifier not found
  bot_scratch.cpp
d:\documents\github\spambot-cpp\spambot-cpp\src\bot_scratch.cpp(112): fatal error C1010: unexpected end of file while looking for precompiled header. Did you forget to add '#include "stdafx.h"' to your source?
  Generating Code...
