d:\documents\github\spambot-cpp\spambot-cpp\x64\debug\vc140.pdb
d:\documents\github\spambot-cpp\spambot-cpp\x64\debug\vc140.idb
d:\documents\github\spambot-cpp\spambot-cpp\x64\debug\globals.obj
d:\documents\github\spambot-cpp\spambot-cpp\x64\debug\tcpsocket.obj
d:\documents\github\spambot-cpp\spambot-cpp\x64\debug\stdafx.i
d:\documents\github\spambot-cpp\spambot-cpp\x64\debug\spambot-cpp.pch
d:\documents\github\spambot-cpp\spambot-cpp\x64\debug\stdafx.obj
d:\documents\github\spambot-cpp\spambot-cpp\x64\debug\bot_main.i
d:\documents\github\spambot-cpp\spambot-cpp\x64\debug\bot_scratch.i
d:\documents\github\spambot-cpp\spambot-cpp\x64\debug\globals.i
d:\documents\github\spambot-cpp\spambot-cpp\x64\debug\spambot.i
d:\documents\github\spambot-cpp\spambot-cpp\x64\debug\tcpsocket.i
d:\documents\github\spambot-cpp\spambot-cpp\x64\debug\win32_main.i
d:\documents\github\spambot-cpp\spambot-cpp\x64\debug\win32_interface.i
d:\documents\github\spambot-cpp\spambot-cpp\x64\debug\win32_main.obj
d:\documents\github\spambot-cpp\spambot-cpp\x64\debug\stringqueue.obj
d:\documents\github\spambot-cpp\spambot-cpp\x64\debug\spambot-cpp.ilk
d:\documents\github\spambot-cpp\spambot-cpp\x64\debug\spambot-cpp.exe
d:\documents\github\spambot-cpp\spambot-cpp\x64\debug\spambot-cpp.pdb
d:\documents\github\spambot-cpp\spambot-cpp\x64\debug\win32_main.obj.enc
d:\documents\github\spambot-cpp\spambot-cpp\x64\debug\spambot-cpp.tlog\cl.command.1.tlog
d:\documents\github\spambot-cpp\spambot-cpp\x64\debug\spambot-cpp.tlog\cl.read.1.tlog
d:\documents\github\spambot-cpp\spambot-cpp\x64\debug\spambot-cpp.tlog\cl.write.1.tlog
d:\documents\github\spambot-cpp\spambot-cpp\x64\debug\spambot-cpp.tlog\link.command.1.tlog
d:\documents\github\spambot-cpp\spambot-cpp\x64\debug\spambot-cpp.tlog\link.read.1.tlog
d:\documents\github\spambot-cpp\spambot-cpp\x64\debug\spambot-cpp.tlog\link.write.1.tlog
